<?xml version="1.0" encoding="UTF-8"?>
<!-- Generated by org.testng.reporters.JUnitXMLReporter -->
<testsuite ignored="0" hostname="srivalli" failures="2" tests="2" name="Test" time="1.12" errors="0" timestamp="2024-06-27T18:46:19 IST">
  <testcase classname="com.hcl.testcase.DataDrivenBookingTestCase" name="testBulkCreateBooking" time="0.0">
    <failure type="java.lang.RuntimeException" message="java.lang.NullPointerException: Cannot read the array length because &amp;quot;userData&amp;quot; is null">
      <![CDATA[java.lang.RuntimeException: java.lang.NullPointerException: Cannot read the array length because "userData" is null
at java.base/java.util.concurrent.Executors$RunnableAdapter.call(Executors.java:539)
at java.base/java.util.concurrent.FutureTask.run(FutureTask.java:264)
at java.base/java.util.concurrent.ThreadPoolExecutor.runWorker(ThreadPoolExecutor.java:1136)
at java.base/java.util.concurrent.ThreadPoolExecutor$Worker.run(ThreadPoolExecutor.java:635)
at java.base/java.lang.Thread.run(Thread.java:842)
Caused by: java.lang.NullPointerException: Cannot read the array length because "userData" is null
at com.hcl.utilities.ReadExcelFile.getBookingTestData(ReadExcelFile.java:55)
at com.hcl.utilities.BookingDataProvider.bookingData(BookingDataProvider.java:13)
... 15 more
... Removed 18 stack frames]]>
    </failure>
  </testcase> <!-- testBulkCreateBooking -->
  <testcase classname="com.hcl.testcase.DataDrivenBookingTestCase" name="testgetBookingDetails" time="0.0">
    <failure type="java.lang.RuntimeException" message="java.lang.NullPointerException: Cannot read the array length because &amp;quot;userData&amp;quot; is null">
      <![CDATA[java.lang.RuntimeException: java.lang.NullPointerException: Cannot read the array length because "userData" is null
at java.base/java.util.concurrent.Executors$RunnableAdapter.call(Executors.java:539)
at java.base/java.util.concurrent.FutureTask.run(FutureTask.java:264)
at java.base/java.util.concurrent.ThreadPoolExecutor.runWorker(ThreadPoolExecutor.java:1136)
at java.base/java.util.concurrent.ThreadPoolExecutor$Worker.run(ThreadPoolExecutor.java:635)
at java.base/java.lang.Thread.run(Thread.java:842)
Caused by: java.lang.NullPointerException: Cannot read the array length because "userData" is null
at com.hcl.utilities.ReadExcelFile.getBookingIdsTestData(ReadExcelFile.java:72)
at com.hcl.utilities.BookingDataProvider.bookingIds(BookingDataProvider.java:21)
... 15 more
... Removed 18 stack frames]]>
    </failure>
  </testcase> <!-- testgetBookingDetails -->
</testsuite> <!-- Test -->
